<?xml version="1.0" encoding="UTF-8"?>
<!-- Generated by org.testng.reporters.JUnitXMLReporter -->
<testsuite ignored="0" hostname="DESKTOP-6MCO3NS" failures="0" tests="4" name="Default test" time="11.828" errors="0" timestamp="2023-10-17T17:33:23 IST">
  <testcase classname="com.qa.opencart.test.LoginPageTest" name="LoginPageTitleTest" time="0.04"/>
  <testcase classname="com.qa.opencart.test.LoginPageTest" name="LoginUrtTest" time="0.029"/>
  <testcase classname="com.qa.opencart.test.LoginPageTest" name="forgotPassworLinkTest" time="0.139"/>
  <testcase classname="com.qa.opencart.test.LoginPageTest" name="loginTest" time="3.301"/>
</testsuite> <!-- Default test -->
