<?xml version="1.0" encoding="UTF-8"?>
<!-- Generated by org.testng.reporters.JUnitXMLReporter -->
<testsuite ignored="0" hostname="DESKTOP-6MCO3NS" failures="0" tests="3" name="Default test" time="29.058" errors="0" timestamp="2023-10-31T13:53:25 IST">
  <testcase classname="com.qa.opencart.test.ProductPageInfoTest" name="productImageCountTest" time="4.714"/>
  <testcase classname="com.qa.opencart.test.ProductPageInfoTest" name="productImageCountTest" time="4.21"/>
  <testcase classname="com.qa.opencart.test.ProductPageInfoTest" name="productImageCountTest" time="4.749"/>
</testsuite> <!-- Default test -->
