<?xml version="1.0" encoding="UTF-8"?>
<testng-results ignored="0" total="4" passed="4" failed="0" skipped="0">
  <reporter-output>
  </reporter-output>
  <suite started-at="2023-10-17T17:33:12 IST" name="Default suite" finished-at="2023-10-17T17:33:23 IST" duration-ms="11828">
    <groups>
    </groups>
    <test started-at="2023-10-17T17:33:12 IST" name="Default test" finished-at="2023-10-17T17:33:23 IST" duration-ms="11828">
      <class name="com.qa.opencart.test.LoginPageTest">
        <test-method is-config="true" signature="setup()[pri:0, instance:com.qa.opencart.test.LoginPageTest@1ed4ae0f]" started-at="2023-10-17T17:33:12 IST" name="setup" finished-at="2023-10-17T17:33:19 IST" duration-ms="7892" status="PASS">
          <reporter-output>
          </reporter-output>
        </test-method> <!-- setup -->
        <test-method signature="LoginPageTitleTest()[pri:1, instance:com.qa.opencart.test.LoginPageTest@1ed4ae0f]" started-at="2023-10-17T17:33:19 IST" name="LoginPageTitleTest" finished-at="2023-10-17T17:33:20 IST" duration-ms="40" status="PASS">
          <reporter-output>
          </reporter-output>
        </test-method> <!-- LoginPageTitleTest -->
        <test-method signature="LoginUrtTest()[pri:2, instance:com.qa.opencart.test.LoginPageTest@1ed4ae0f]" started-at="2023-10-17T17:33:20 IST" name="LoginUrtTest" finished-at="2023-10-17T17:33:20 IST" duration-ms="29" status="PASS">
          <reporter-output>
          </reporter-output>
        </test-method> <!-- LoginUrtTest -->
        <test-method signature="forgotPassworLinkTest()[pri:3, instance:com.qa.opencart.test.LoginPageTest@1ed4ae0f]" started-at="2023-10-17T17:33:20 IST" name="forgotPassworLinkTest" finished-at="2023-10-17T17:33:20 IST" duration-ms="139" status="PASS">
          <reporter-output>
          </reporter-output>
        </test-method> <!-- forgotPassworLinkTest -->
        <test-method signature="loginTest()[pri:4, instance:com.qa.opencart.test.LoginPageTest@1ed4ae0f]" started-at="2023-10-17T17:33:20 IST" name="loginTest" finished-at="2023-10-17T17:33:23 IST" duration-ms="3301" status="PASS">
          <reporter-output>
          </reporter-output>
        </test-method> <!-- loginTest -->
        <test-method is-config="true" signature="teardown()[pri:0, instance:com.qa.opencart.test.LoginPageTest@1ed4ae0f]" started-at="2023-10-17T17:33:23 IST" name="teardown" finished-at="2023-10-17T17:33:23 IST" duration-ms="326" status="PASS">
          <reporter-output>
          </reporter-output>
        </test-method> <!-- teardown -->
      </class> <!-- com.qa.opencart.test.LoginPageTest -->
    </test> <!-- Default test -->
  </suite> <!-- Default suite -->
</testng-results>
